<?xml version="1.0" encoding="UTF-8"?>
<!-- Generated by org.testng.reporters.JUnitReportReporter -->
<testsuite hostname="LAPTOP-37CT4T0U" failures="0" tests="1" name="Academy.Example" time="44.924" errors="0" timestamp="03 Jan 2019 17:41:06 GMT" skipped="0">
  <testcase classname="Academy.Example" name="pageobj" time="44.924"/>
</testsuite> <!-- Academy.Example -->
